0 info it worked if it ends with ok
1 verbose cli [ 'C:\\Program Files\\nodejs\\node.exe',
1 verbose cli   'C:\\Program Files\\nodejs\\node_modules\\npm\\bin\\npm-cli.js',
1 verbose cli   'install' ]
2 info using npm@4.0.5
3 info using node@v7.4.0
4 silly loadCurrentTree Starting
5 silly install loadCurrentTree
6 silly install readLocalPackageData
7 silly install normalizeTree
8 silly loadCurrentTree Finishing
9 silly loadIdealTree Starting
10 silly install loadIdealTree
11 silly cloneCurrentTree Starting
12 silly install cloneCurrentTreeToIdealTree
13 silly cloneCurrentTree Finishing
14 silly loadShrinkwrap Starting
15 silly install loadShrinkwrap
16 silly loadShrinkwrap Finishing
17 silly loadAllDepsIntoIdealTree Starting
18 silly install loadAllDepsIntoIdealTree
19 silly loadAllDepsIntoIdealTree Finishing
20 silly loadIdealTree Finishing
21 silly currentTree @1.0.0
21 silly currentTree `-- node-testr@0.0.1
22 silly idealTree @1.0.0
22 silly idealTree `-- node-testr@0.0.1
23 silly generateActionsToTake Starting
24 silly install generateActionsToTake
25 silly generateActionsToTake Finishing
26 silly diffTrees action count 0
27 silly decomposeActions action count 0
28 silly runTopLevelLifecycles Starting
29 silly install runPreinstallTopLevelLifecycles
30 silly preinstall @1.0.0
31 info lifecycle @1.0.0~preinstall: @1.0.0
32 silly lifecycle @1.0.0~preinstall: no script for preinstall, continuing
33 silly executeActions Starting
34 silly install executeActions
35 silly doSerial global-install 0
36 silly doParallel fetch 0
37 verbose correctMkdir C:\Users\will0\AppData\Roaming\npm-cache\_locks correctMkdir not in flight; initializing
38 verbose lock using C:\Users\will0\AppData\Roaming\npm-cache\_locks\staging-7307fce478403b7a.lock for D:\projects\portfolio\NodeDOM\node_modules\.staging
39 silly doParallel extract 0
40 silly doParallel preinstall 0
41 silly doReverseSerial remove 0
42 silly doSerial move 0
43 silly doSerial finalize 0
44 silly doSerial build 0
45 silly doSerial global-link 0
46 silly doParallel update-linked 0
47 silly doSerial install 0
48 silly doSerial postinstall 0
49 verbose unlock done using C:\Users\will0\AppData\Roaming\npm-cache\_locks\staging-7307fce478403b7a.lock for D:\projects\portfolio\NodeDOM\node_modules\.staging
50 silly executeActions Finishing
51 silly rollbackFailedOptional Starting
52 silly rollbackFailedOptional Finishing
53 silly install runPostinstallTopLevelLifecycles
54 silly build @1.0.0
55 info linkStuff @1.0.0
56 silly linkStuff @1.0.0 has D:\projects\portfolio as its parent node_modules
57 verbose linkBins @1.0.0
58 verbose linkMans @1.0.0
59 silly install @1.0.0
60 info lifecycle @1.0.0~install: @1.0.0
61 verbose lifecycle @1.0.0~install: unsafe-perm in lifecycle true
62 verbose lifecycle @1.0.0~install: PATH: C:\Users\will0\AppData\Roaming\nvm\v7.4.0\node_modules\npm\bin\node-gyp-bin;D:\projects\portfolio\NodeDOM\node_modules\.bin;C:\.babun\cygwin\home\will0\.local\bin;C:\.babun\cygwin\usr\local\bin;C:\.babun\cygwin\usr\local\bin;C:\.babun\cygwin\bin;C:\.babun\cygwin\home\will0\.local\bin;C:\ProgramData\Oracle\Java\javapath;C:\Windows\system32;C:\Windows;C:\Windows\System32\Wbem;C:\Windows\System32\WindowsPowerShell\v1.0;C:\Program Files (x86)\NVIDIA Corporation\PhysX\Common;C:\Program Files\Git\cmd;C:\Program Files\Calibre2;D:\bitnami-7.1\php;C:\ProgramData\ComposerSetup\bin;C:\Program Files (x86)\Heroku\bin;C:\Program Files (x86)\git\cmd;C:\Program Files\Microsoft SQL Server\130\Tools\Binn;C:\Program Files\MySQL\MySQL Utilities 1.6;C:\WINDOWS\system32;C:\WINDOWS;C:\WINDOWS\System32\Wbem;C:\WINDOWS\System32\WindowsPowerShell\v1.0;C:\ProgramData\chocolatey\bin;C:\Program Files\Java\jdk1.8.0_102\bin;C:\Users\will0\AppData\Local\Android\android-sdk\tools;C:\Users\will0\AppData\Local\Android\android-sdk\platform-tools;C:\Users\will0\AppData\Roaming\nvm;C:\Program Files\nodejs;C:\Program Files\dotnet;C:\Program Files (x86)\Git\cmd;C:\Program Files (x86)\Windows Kits\8.1\Windows Performance Toolkit;C:\.babun;C:\Users\will0\AppData\Local\atom\bin;C:\Users\will0\AppData\Local\Microsoft\WindowsApps;C:\Users\will0\AppData\Roaming\npm
63 verbose lifecycle @1.0.0~install: CWD: D:\projects\portfolio\NodeDOM
64 silly lifecycle @1.0.0~install: Args: [ '/d /s /c', 'node-gyp rebuild' ]
65 silly lifecycle @1.0.0~install: Returned: code: 1  signal: null
66 info lifecycle @1.0.0~install: Failed to exec install script
67 warn @1.0.0 No description
68 verbose If you need help, you may report this error at:
68 verbose     <https://github.com/npm/npm/issues>
69 warn @1.0.0 No repository field.
70 verbose If you need help, you may report this error at:
70 verbose     <https://github.com/npm/npm/issues>
71 verbose stack Error: @1.0.0 install: `node-gyp rebuild`
71 verbose stack Exit status 1
71 verbose stack     at EventEmitter.<anonymous> (C:\Users\will0\AppData\Roaming\nvm\v7.4.0\node_modules\npm\lib\utils\lifecycle.js:279:16)
71 verbose stack     at emitTwo (events.js:106:13)
71 verbose stack     at EventEmitter.emit (events.js:191:7)
71 verbose stack     at ChildProcess.<anonymous> (C:\Users\will0\AppData\Roaming\nvm\v7.4.0\node_modules\npm\lib\utils\spawn.js:40:14)
71 verbose stack     at emitTwo (events.js:106:13)
71 verbose stack     at ChildProcess.emit (events.js:191:7)
71 verbose stack     at maybeClose (internal/child_process.js:885:16)
71 verbose stack     at Process.ChildProcess._handle.onexit (internal/child_process.js:226:5)
72 verbose pkgid @1.0.0
73 verbose cwd D:\projects\portfolio\NodeDOM
74 error Windows_NT 10.0.14393
75 error argv "C:\\Program Files\\nodejs\\node.exe" "C:\\Program Files\\nodejs\\node_modules\\npm\\bin\\npm-cli.js" "install"
76 error node v7.4.0
77 error npm  v4.0.5
78 error code ELIFECYCLE
79 error @1.0.0 install: `node-gyp rebuild`
79 error Exit status 1
80 error Failed at the @1.0.0 install script 'node-gyp rebuild'.
80 error Make sure you have the latest version of node.js and npm installed.
80 error If you do, this is most likely a problem with the  package,
80 error not with npm itself.
80 error Tell the author that this fails on your system:
80 error     node-gyp rebuild
80 error You can get information on how to open an issue for this project with:
80 error     npm bugs
80 error Or if that isn't available, you can get their info via:
80 error     npm owner ls
80 error There is likely additional logging output above.
81 verbose exit [ 1, true ]
